[debug] [2024-09-24T14:36:25.190Z] ----------------------------------------------------------------------
[debug] [2024-09-24T14:36:25.192Z] Command:       C:\Users\a0161461\DOCUME~1\GitHub\firebase-tools-instant-win.exe C:\Users\a0161461\.cache\firebase\tools\lib\node_modules\firebase-tools\lib\bin\firebase deploy
[debug] [2024-09-24T14:36:25.193Z] CLI Version:   13.10.2
[debug] [2024-09-24T14:36:25.193Z] Platform:      win32
[debug] [2024-09-24T14:36:25.193Z] Node Version:  v18.5.0
[debug] [2024-09-24T14:36:25.202Z] Time:          Tue Sep 24 2024 11:36:25 GMT-0300 (GMT-03:00)
[debug] [2024-09-24T14:36:25.203Z] ----------------------------------------------------------------------
[debug] 
[debug] [2024-09-24T14:36:25.215Z] >>> [apiv2][query] GET https://firebase-public.firebaseio.com/cli.json [none]
[debug] [2024-09-24T14:36:25.336Z] Object "" in "firebase.json" has unknown property: {"additionalProperty":"type"}
[debug] [2024-09-24T14:36:25.343Z] > command requires scopes: ["email","openid","https://www.googleapis.com/auth/cloudplatformprojects.readonly","https://www.googleapis.com/auth/firebase","https://www.googleapis.com/auth/cloud-platform"]
[debug] [2024-09-24T14:36:25.343Z] > authorizing via signed-in user (victor.blasques@telefonica.com.br)
[debug] [2024-09-24T14:36:25.343Z] [iam] checking project seguranca-patrimonial-385514 for permissions ["firebase.projects.get","firebasehosting.sites.update"]
[debug] [2024-09-24T14:36:25.344Z] > refreshing access token with scopes: []
[debug] [2024-09-24T14:36:25.345Z] >>> [apiv2][query] POST https://www.googleapis.com/oauth2/v3/token [none]
[debug] [2024-09-24T14:36:25.345Z] >>> [apiv2][body] POST https://www.googleapis.com/oauth2/v3/token [omitted]
[debug] [2024-09-24T14:36:25.438Z] *** [apiv2] error from fetch(https://firebase-public.firebaseio.com/cli.json, {"headers":{},"method":"GET"}): FetchError: request to https://firebase-public.firebaseio.com/cli.json failed, reason: self-signed certificate in certificate chain
[warn] !  Unable to fetch the CLI MOTD and remote config. This is not a fatal error, but may indicate an issue with your network connection. 
[debug] [2024-09-24T14:36:25.439Z] Failed to fetch MOTD FirebaseError: Failed to make request to https://firebase-public.firebaseio.com/cli.json
[debug] [2024-09-24T14:36:46.408Z] *** [apiv2] error from fetch(https://www.googleapis.com/oauth2/v3/token, {"headers":{},"method":"POST","body":{"_overheadLength":545,"_valueLength":212,"_valuesToMeasure":[],"writable":false,"readable":true,"dataSize":0,"maxDataSize":2097152,"pauseStreams":true,"_released":true,"_streams":[],"_currentStream":null,"_insideLoop":false,"_pendingNext":false,"_boundary":"--------------------------387692086807775407877633","_events":{},"_eventsCount":1}}): FetchError: request to https://www.googleapis.com/oauth2/v3/token failed, reason: connect ETIMEDOUT 172.217.29.138:443
[debug] [2024-09-24T14:36:46.409Z] [iam] error while checking permissions, command may fail: FirebaseError: Authentication Error: Your credentials are no longer valid. Please run firebase login --reauth

For CI servers and headless environments, generate a new token with firebase login:ci
[debug] [2024-09-24T14:36:46.409Z] > refreshing access token with scopes: []
[debug] [2024-09-24T14:36:46.410Z] >>> [apiv2][query] POST https://www.googleapis.com/oauth2/v3/token [none]
[debug] [2024-09-24T14:36:46.410Z] >>> [apiv2][body] POST https://www.googleapis.com/oauth2/v3/token [omitted]
[debug] [2024-09-24T14:37:07.461Z] *** [apiv2] error from fetch(https://www.googleapis.com/oauth2/v3/token, {"headers":{},"method":"POST","body":{"_overheadLength":545,"_valueLength":212,"_valuesToMeasure":[],"writable":false,"readable":true,"dataSize":0,"maxDataSize":2097152,"pauseStreams":true,"_released":true,"_streams":[],"_currentStream":null,"_insideLoop":false,"_pendingNext":false,"_boundary":"--------------------------570213376344629623616020","_events":{},"_eventsCount":1}}): FetchError: request to https://www.googleapis.com/oauth2/v3/token failed, reason: connect ETIMEDOUT 172.217.29.138:443
[debug] [2024-09-24T14:37:07.461Z] Authentication Error: Your credentials are no longer valid. Please run firebase login --reauth

For CI servers and headless environments, generate a new token with firebase login:ci
[error] 
[error] Error: Assertion failed: resolving hosting target of a site with no site name or target name. This should have caused an error earlier
